<?xml version="1.0" encoding="UTF-8"?><testsuite errors="0" failures="1" name="com.bestbuy.ProductCURDTestWithSteps" skipped="0" tests="4" time="0.57" timestamp="2022-01-11T20:55:33.547Z[Europe/London]"><testcase classname="com.bestbuy.ProductCURDTestWithSteps" name="This test will create a new products and verify its generated"/><testcase classname="com.bestbuy.ProductCURDTestWithSteps" name="This test will get the product information by ID"/><testcase classname="com.bestbuy.ProductCURDTestWithSteps" name="This test will update the product information and verify the updated information"><failure message="1 expectation failed.&#10;JSON path name doesn't match.&#10;Expected: Vodafone Mobile93946_Changed&#10;  Actual: null&#10;" type="java.lang.AssertionError">1 expectation failed.
JSON path name doesn't match.
Expected: Vodafone Mobile93946_Changed
  Actual: null
</failure><system-err>1 expectation failed.
JSON path name doesn't match.
Expected: Vodafone Mobile93946_Changed
  Actual: null
&#13;
io.restassured.internal.ResponseSpecificationImpl.validateResponseIfRequired(ResponseSpecificationImpl.groovy:636)&#13;
io.restassured.internal.ResponseSpecificationImpl.content(ResponseSpecificationImpl.groovy:265)&#13;
io.restassured.internal.ResponseSpecificationImpl.body(ResponseSpecificationImpl.groovy:248)&#13;
io.restassured.internal.ValidatableResponseOptionsImpl.body(ValidatableResponseOptionsImpl.java:268)&#13;
com.bestbuy.ProductCURDTestWithSteps.test003(ProductCURDTestWithSteps.java:59)&#13;
</system-err></testcase><testcase classname="com.bestbuy.ProductCURDTestWithSteps" name="This test will delete the product information and verify the product is deleted "/></testsuite>