<?xml version="1.0" encoding="UTF-8"?><testsuite errors="0" failures="0" name="com.bestbuy.ServicesCRUDTestWithSteps" skipped="0" tests="4" time="0.78" timestamp="2022-01-11T20:55:34.564Z[Europe/London]"><testcase classname="com.bestbuy.ServicesCRUDTestWithSteps" name="This test will create a new services and verify its generated"/><testcase classname="com.bestbuy.ServicesCRUDTestWithSteps" name="This test will get the services information by ID"/><testcase classname="com.bestbuy.ServicesCRUDTestWithSteps" name="This test will update the services information and verify the updated information"/><testcase classname="com.bestbuy.ServicesCRUDTestWithSteps" name="This test will delete the categories information and verify the categories is deleted "/></testsuite>